[0.114s] Invoking command in '/home/canlab-jetson-1/Desktop/CAR/LogitechG29/ros2_ws/build/ros_g29_force_feedback': /usr/bin/cmake /home/canlab-jetson-1/Desktop/CAR/LogitechG29/ros2_ws/src/ros-g29-force-feedback -DAMENT_CMAKE_SYMLINK_INSTALL=1 -DCMAKE_INSTALL_PREFIX=/home/canlab-jetson-1/Desktop/CAR/LogitechG29/ros2_ws/install/ros_g29_force_feedback
[0.164s] CMake Error at CMakeLists.txt:18 (find_package):
[0.165s]   By not providing "Findament_cmake.cmake" in CMAKE_MODULE_PATH this project
[0.165s]   has asked CMake to find a package configuration file provided by
[0.166s]   "ament_cmake", but CMake did not find one.
[0.166s] 
[0.166s]   Could not find a package configuration file provided by "ament_cmake" with
[0.167s]   any of the following names:
[0.167s] 
[0.168s]     ament_cmakeConfig.cmake
[0.169s]     ament_cmake-config.cmake
[0.170s] 
[0.172s]   Add the installation prefix of "ament_cmake" to CMAKE_PREFIX_PATH or set
[0.172s]   "ament_cmake_DIR" to a directory containing one of the above files.  If
[0.173s]   "ament_cmake" provides a separate development package or SDK, be sure it
[0.173s]   has been installed.
[0.174s] 
[0.175s] 
[0.176s] -- Configuring incomplete, errors occurred!
[0.179s] See also "/home/canlab-jetson-1/Desktop/CAR/LogitechG29/ros2_ws/build/ros_g29_force_feedback/CMakeFiles/CMakeOutput.log".
[0.181s] Invoked command in '/home/canlab-jetson-1/Desktop/CAR/LogitechG29/ros2_ws/build/ros_g29_force_feedback' returned '1': /usr/bin/cmake /home/canlab-jetson-1/Desktop/CAR/LogitechG29/ros2_ws/src/ros-g29-force-feedback -DAMENT_CMAKE_SYMLINK_INSTALL=1 -DCMAKE_INSTALL_PREFIX=/home/canlab-jetson-1/Desktop/CAR/LogitechG29/ros2_ws/install/ros_g29_force_feedback
