[3.294s] DEBUG:colcon:Command line arguments: ['/home/canlab-jetson-1/.local/bin/colcon', 'build', '--symlink-install']
[3.294s] DEBUG:colcon:Parsed command line arguments: Namespace(ament_cmake_args=None, base_paths=['.'], build_base='build', catkin_cmake_args=None, catkin_skip_building_tests=False, cmake_args=None, cmake_clean_cache=False, cmake_clean_first=False, cmake_force_configure=False, cmake_target=None, cmake_target_skip_unavailable=False, continue_on_error=False, event_handlers=None, executor='parallel', ignore_user_meta=False, install_base='install', log_base=None, log_level=None, main=<bound method BuildVerb.main of <colcon_core.verb.build.BuildVerb object at 0x7f90aa9cf8>>, merge_install=False, metas=['./colcon.meta'], packages_above=None, packages_above_and_dependencies=None, packages_above_depth=None, packages_end=None, packages_ignore=None, packages_ignore_regex=None, packages_select=None, packages_select_build_failed=False, packages_select_by_dep=None, packages_select_regex=None, packages_select_test_failures=False, packages_skip=None, packages_skip_build_finished=False, packages_skip_by_dep=None, packages_skip_regex=None, packages_skip_test_passed=False, packages_skip_up_to=None, packages_start=None, packages_up_to=None, packages_up_to_regex=None, parallel_workers=4, paths=None, symlink_install=True, test_result_base=None, verb_extension=<colcon_core.verb.build.BuildVerb object at 0x7f90aa9cf8>, verb_name='build', verb_parser=<colcon_defaults.argument_parser.defaults.DefaultArgumentsDecorator object at 0x7f90a3b860>)
[3.480s] Level 1:colcon.colcon_core.package_discovery:discover_packages(colcon_meta) check parameters
[3.481s] Level 1:colcon.colcon_core.package_discovery:discover_packages(recursive) check parameters
[3.481s] Level 1:colcon.colcon_core.package_discovery:discover_packages(ignore) check parameters
[3.481s] Level 1:colcon.colcon_core.package_discovery:discover_packages(path) check parameters
[3.481s] Level 1:colcon.colcon_core.package_discovery:discover_packages(colcon_meta) discover
[3.482s] Level 1:colcon.colcon_core.package_discovery:discover_packages(recursive) discover
[3.482s] INFO:colcon.colcon_core.package_discovery:Crawling recursively for packages in '/home/canlab-jetson-1/Desktop/CAR/LogitechG29/ros2_ws'
[3.483s] Level 1:colcon.colcon_core.package_identification:_identify(.) by extensions ['ignore', 'ignore_ament_install']
[3.483s] Level 1:colcon.colcon_core.package_identification:_identify(.) by extension 'ignore'
[3.483s] Level 1:colcon.colcon_core.package_identification:_identify(.) by extension 'ignore_ament_install'
[3.483s] Level 1:colcon.colcon_core.package_identification:_identify(.) by extensions ['colcon_pkg']
[3.483s] Level 1:colcon.colcon_core.package_identification:_identify(.) by extension 'colcon_pkg'
[3.484s] Level 1:colcon.colcon_core.package_identification:_identify(.) by extensions ['colcon_meta']
[3.484s] Level 1:colcon.colcon_core.package_identification:_identify(.) by extension 'colcon_meta'
[3.484s] Level 1:colcon.colcon_core.package_identification:_identify(.) by extensions ['ros']
[3.484s] Level 1:colcon.colcon_core.package_identification:_identify(.) by extension 'ros'
[3.636s] Level 1:colcon.colcon_core.package_identification:_identify(.) by extensions ['cmake', 'python']
[3.636s] Level 1:colcon.colcon_core.package_identification:_identify(.) by extension 'cmake'
[3.637s] Level 1:colcon.colcon_core.package_identification:_identify(.) by extension 'python'
[3.637s] Level 1:colcon.colcon_core.package_identification:_identify(.) by extensions ['python_setup_py']
[3.637s] Level 1:colcon.colcon_core.package_identification:_identify(.) by extension 'python_setup_py'
[3.638s] Level 1:colcon.colcon_core.package_identification:_identify(build) by extensions ['ignore', 'ignore_ament_install']
[3.638s] Level 1:colcon.colcon_core.package_identification:_identify(build) by extension 'ignore'
[3.638s] Level 1:colcon.colcon_core.package_identification:_identify(build) ignored
[3.639s] Level 1:colcon.colcon_core.package_identification:_identify(install) by extensions ['ignore', 'ignore_ament_install']
[3.640s] Level 1:colcon.colcon_core.package_identification:_identify(install) by extension 'ignore'
[3.640s] Level 1:colcon.colcon_core.package_identification:_identify(install) ignored
[3.640s] Level 1:colcon.colcon_core.package_identification:_identify(log) by extensions ['ignore', 'ignore_ament_install']
[3.640s] Level 1:colcon.colcon_core.package_identification:_identify(log) by extension 'ignore'
[3.641s] Level 1:colcon.colcon_core.package_identification:_identify(log) ignored
[3.643s] Level 1:colcon.colcon_core.package_identification:_identify(src) by extensions ['ignore', 'ignore_ament_install']
[3.643s] Level 1:colcon.colcon_core.package_identification:_identify(src) by extension 'ignore'
[3.643s] Level 1:colcon.colcon_core.package_identification:_identify(src) by extension 'ignore_ament_install'
[3.644s] Level 1:colcon.colcon_core.package_identification:_identify(src) by extensions ['colcon_pkg']
[3.644s] Level 1:colcon.colcon_core.package_identification:_identify(src) by extension 'colcon_pkg'
[3.644s] Level 1:colcon.colcon_core.package_identification:_identify(src) by extensions ['colcon_meta']
[3.644s] Level 1:colcon.colcon_core.package_identification:_identify(src) by extension 'colcon_meta'
[3.644s] Level 1:colcon.colcon_core.package_identification:_identify(src) by extensions ['ros']
[3.644s] Level 1:colcon.colcon_core.package_identification:_identify(src) by extension 'ros'
[3.645s] Level 1:colcon.colcon_core.package_identification:_identify(src) by extensions ['cmake', 'python']
[3.645s] Level 1:colcon.colcon_core.package_identification:_identify(src) by extension 'cmake'
[3.645s] Level 1:colcon.colcon_core.package_identification:_identify(src) by extension 'python'
[3.645s] Level 1:colcon.colcon_core.package_identification:_identify(src) by extensions ['python_setup_py']
[3.645s] Level 1:colcon.colcon_core.package_identification:_identify(src) by extension 'python_setup_py'
[3.646s] Level 1:colcon.colcon_core.package_identification:_identify(src/build) by extensions ['ignore', 'ignore_ament_install']
[3.646s] Level 1:colcon.colcon_core.package_identification:_identify(src/build) by extension 'ignore'
[3.647s] Level 1:colcon.colcon_core.package_identification:_identify(src/build) ignored
[3.647s] Level 1:colcon.colcon_core.package_identification:_identify(src/install) by extensions ['ignore', 'ignore_ament_install']
[3.648s] Level 1:colcon.colcon_core.package_identification:_identify(src/install) by extension 'ignore'
[3.648s] Level 1:colcon.colcon_core.package_identification:_identify(src/install) ignored
[3.649s] Level 1:colcon.colcon_core.package_identification:_identify(src/log) by extensions ['ignore', 'ignore_ament_install']
[3.649s] Level 1:colcon.colcon_core.package_identification:_identify(src/log) by extension 'ignore'
[3.649s] Level 1:colcon.colcon_core.package_identification:_identify(src/log) ignored
[3.650s] Level 1:colcon.colcon_core.package_identification:_identify(src/ros-g29-force-feedback) by extensions ['ignore', 'ignore_ament_install']
[3.650s] Level 1:colcon.colcon_core.package_identification:_identify(src/ros-g29-force-feedback) by extension 'ignore'
[3.650s] Level 1:colcon.colcon_core.package_identification:_identify(src/ros-g29-force-feedback) by extension 'ignore_ament_install'
[3.650s] Level 1:colcon.colcon_core.package_identification:_identify(src/ros-g29-force-feedback) by extensions ['colcon_pkg']
[3.651s] Level 1:colcon.colcon_core.package_identification:_identify(src/ros-g29-force-feedback) by extension 'colcon_pkg'
[3.651s] Level 1:colcon.colcon_core.package_identification:_identify(src/ros-g29-force-feedback) by extensions ['colcon_meta']
[3.651s] Level 1:colcon.colcon_core.package_identification:_identify(src/ros-g29-force-feedback) by extension 'colcon_meta'
[3.651s] Level 1:colcon.colcon_core.package_identification:_identify(src/ros-g29-force-feedback) by extensions ['ros']
[3.651s] Level 1:colcon.colcon_core.package_identification:_identify(src/ros-g29-force-feedback) by extension 'ros'
[3.662s] DEBUG:colcon.colcon_core.package_identification:Package 'src/ros-g29-force-feedback' with type 'ros.ament_cmake' and name 'ros_g29_force_feedback'
[3.663s] Level 1:colcon.colcon_core.package_discovery:discover_packages(recursive) using defaults
[3.663s] Level 1:colcon.colcon_core.package_discovery:discover_packages(ignore) discover
[3.663s] Level 1:colcon.colcon_core.package_discovery:discover_packages(ignore) using defaults
[3.663s] Level 1:colcon.colcon_core.package_discovery:discover_packages(path) discover
[3.664s] Level 1:colcon.colcon_core.package_discovery:discover_packages(path) using defaults
[3.903s] Level 5:colcon.colcon_core.verb:set package 'ros_g29_force_feedback' build argument 'cmake_args' from command line to 'None'
[3.903s] Level 5:colcon.colcon_core.verb:set package 'ros_g29_force_feedback' build argument 'cmake_target' from command line to 'None'
[3.903s] Level 5:colcon.colcon_core.verb:set package 'ros_g29_force_feedback' build argument 'cmake_target_skip_unavailable' from command line to 'False'
[3.903s] Level 5:colcon.colcon_core.verb:set package 'ros_g29_force_feedback' build argument 'cmake_clean_cache' from command line to 'False'
[3.904s] Level 5:colcon.colcon_core.verb:set package 'ros_g29_force_feedback' build argument 'cmake_clean_first' from command line to 'False'
[3.904s] Level 5:colcon.colcon_core.verb:set package 'ros_g29_force_feedback' build argument 'cmake_force_configure' from command line to 'False'
[3.904s] Level 5:colcon.colcon_core.verb:set package 'ros_g29_force_feedback' build argument 'ament_cmake_args' from command line to 'None'
[3.904s] Level 5:colcon.colcon_core.verb:set package 'ros_g29_force_feedback' build argument 'catkin_cmake_args' from command line to 'None'
[3.904s] Level 5:colcon.colcon_core.verb:set package 'ros_g29_force_feedback' build argument 'catkin_skip_building_tests' from command line to 'False'
[3.904s] DEBUG:colcon.colcon_core.verb:Building package 'ros_g29_force_feedback' with the following arguments: {'ament_cmake_args': None, 'build_base': '/home/canlab-jetson-1/Desktop/CAR/LogitechG29/ros2_ws/build/ros_g29_force_feedback', 'catkin_cmake_args': None, 'catkin_skip_building_tests': False, 'cmake_args': None, 'cmake_clean_cache': False, 'cmake_clean_first': False, 'cmake_force_configure': False, 'cmake_target': None, 'cmake_target_skip_unavailable': False, 'install_base': '/home/canlab-jetson-1/Desktop/CAR/LogitechG29/ros2_ws/install/ros_g29_force_feedback', 'merge_install': False, 'path': '/home/canlab-jetson-1/Desktop/CAR/LogitechG29/ros2_ws/src/ros-g29-force-feedback', 'symlink_install': True, 'test_result_base': None}
[3.917s] INFO:colcon.colcon_core.executor:Executing jobs using 'parallel' executor
[3.996s] DEBUG:colcon.colcon_parallel_executor.executor.parallel:run_until_complete
[3.997s] INFO:colcon.colcon_ros.task.ament_cmake.build:Building ROS package in '/home/canlab-jetson-1/Desktop/CAR/LogitechG29/ros2_ws/src/ros-g29-force-feedback' with build type 'ament_cmake'
[3.998s] INFO:colcon.colcon_cmake.task.cmake.build:Building CMake package in '/home/canlab-jetson-1/Desktop/CAR/LogitechG29/ros2_ws/src/ros-g29-force-feedback'
[4.058s] INFO:colcon.colcon_core.plugin_system:Skipping extension 'colcon_core.shell.bat': Not used on non-Windows systems
[4.059s] INFO:colcon.colcon_core.shell:Skip shell extension 'powershell' for command environment: Not usable outside of PowerShell
[4.059s] DEBUG:colcon.colcon_core.shell:Skip shell extension 'dsv' for command environment
[4.156s] DEBUG:colcon.colcon_core.event_handler.log_command:Invoking command in '/home/canlab-jetson-1/Desktop/CAR/LogitechG29/ros2_ws/build/ros_g29_force_feedback': /usr/bin/cmake /home/canlab-jetson-1/Desktop/CAR/LogitechG29/ros2_ws/src/ros-g29-force-feedback -DAMENT_CMAKE_SYMLINK_INSTALL=1 -DCMAKE_INSTALL_PREFIX=/home/canlab-jetson-1/Desktop/CAR/LogitechG29/ros2_ws/install/ros_g29_force_feedback
[5.181s] DEBUG:colcon.colcon_core.event_handler.log_command:Invoked command in '/home/canlab-jetson-1/Desktop/CAR/LogitechG29/ros2_ws/build/ros_g29_force_feedback' returned '1': /usr/bin/cmake /home/canlab-jetson-1/Desktop/CAR/LogitechG29/ros2_ws/src/ros-g29-force-feedback -DAMENT_CMAKE_SYMLINK_INSTALL=1 -DCMAKE_INSTALL_PREFIX=/home/canlab-jetson-1/Desktop/CAR/LogitechG29/ros2_ws/install/ros_g29_force_feedback
[5.227s] Level 1:colcon.colcon_core.environment:create_environment_scripts_only(ros_g29_force_feedback)
[5.315s] Level 1:colcon.colcon_core.environment:checking '/home/canlab-jetson-1/Desktop/CAR/LogitechG29/ros2_ws/install/ros_g29_force_feedback' for CMake module files
[5.319s] Level 1:colcon.colcon_core.environment:checking '/home/canlab-jetson-1/Desktop/CAR/LogitechG29/ros2_ws/install/ros_g29_force_feedback' for CMake config files
[5.325s] Level 1:colcon.colcon_core.environment:checking '/home/canlab-jetson-1/Desktop/CAR/LogitechG29/ros2_ws/install/ros_g29_force_feedback/bin'
[5.326s] Level 1:colcon.colcon_core.environment:checking '/home/canlab-jetson-1/Desktop/CAR/LogitechG29/ros2_ws/install/ros_g29_force_feedback/lib/pkgconfig/ros_g29_force_feedback.pc'
[5.327s] Level 1:colcon.colcon_core.environment:checking '/home/canlab-jetson-1/Desktop/CAR/LogitechG29/ros2_ws/install/ros_g29_force_feedback/lib/python3.6/site-packages'
[5.327s] Level 1:colcon.colcon_core.environment:checking '/home/canlab-jetson-1/Desktop/CAR/LogitechG29/ros2_ws/install/ros_g29_force_feedback/bin'
[5.365s] INFO:colcon.colcon_core.shell:Creating package script '/home/canlab-jetson-1/Desktop/CAR/LogitechG29/ros2_ws/install/ros_g29_force_feedback/share/ros_g29_force_feedback/package.ps1'
[5.370s] INFO:colcon.colcon_core.shell:Creating package descriptor '/home/canlab-jetson-1/Desktop/CAR/LogitechG29/ros2_ws/install/ros_g29_force_feedback/share/ros_g29_force_feedback/package.dsv'
[5.372s] INFO:colcon.colcon_core.shell:Creating package script '/home/canlab-jetson-1/Desktop/CAR/LogitechG29/ros2_ws/install/ros_g29_force_feedback/share/ros_g29_force_feedback/package.sh'
[5.375s] INFO:colcon.colcon_core.shell:Creating package script '/home/canlab-jetson-1/Desktop/CAR/LogitechG29/ros2_ws/install/ros_g29_force_feedback/share/ros_g29_force_feedback/package.bash'
[5.379s] INFO:colcon.colcon_core.shell:Creating package script '/home/canlab-jetson-1/Desktop/CAR/LogitechG29/ros2_ws/install/ros_g29_force_feedback/share/ros_g29_force_feedback/package.zsh'
[5.383s] Level 1:colcon.colcon_core.environment:create_file_with_runtime_dependencies(/home/canlab-jetson-1/Desktop/CAR/LogitechG29/ros2_ws/install/ros_g29_force_feedback/share/colcon-core/packages/ros_g29_force_feedback)
[5.386s] DEBUG:colcon.colcon_parallel_executor.executor.parallel:closing loop
[5.388s] DEBUG:colcon.colcon_parallel_executor.executor.parallel:loop closed
[5.389s] DEBUG:colcon.colcon_parallel_executor.executor.parallel:run_until_complete finished with '1'
[5.389s] DEBUG:colcon.colcon_core.event_reactor:joining thread
[5.493s] INFO:colcon.colcon_core.plugin_system:Skipping extension 'colcon_notification.desktop_notification.terminal_notifier': Not used on non-Darwin systems
[5.493s] INFO:colcon.colcon_core.plugin_system:Skipping extension 'colcon_notification.desktop_notification.win32': Not used on non-Windows systems
[5.493s] INFO:colcon.colcon_notification.desktop_notification:Sending desktop notification using 'notify2'
[5.634s] DEBUG:colcon.colcon_core.event_reactor:joined thread
[5.676s] INFO:colcon.colcon_core.shell:Creating prefix script '/home/canlab-jetson-1/Desktop/CAR/LogitechG29/ros2_ws/install/local_setup.ps1'
[5.683s] INFO:colcon.colcon_core.shell:Creating prefix util module '/home/canlab-jetson-1/Desktop/CAR/LogitechG29/ros2_ws/install/_local_setup_util_ps1.py'
[5.690s] INFO:colcon.colcon_core.shell:Creating prefix chain script '/home/canlab-jetson-1/Desktop/CAR/LogitechG29/ros2_ws/install/setup.ps1'
[5.720s] INFO:colcon.colcon_core.shell:Creating prefix script '/home/canlab-jetson-1/Desktop/CAR/LogitechG29/ros2_ws/install/local_setup.sh'
[5.723s] INFO:colcon.colcon_core.shell:Creating prefix util module '/home/canlab-jetson-1/Desktop/CAR/LogitechG29/ros2_ws/install/_local_setup_util_sh.py'
[5.725s] INFO:colcon.colcon_core.shell:Creating prefix chain script '/home/canlab-jetson-1/Desktop/CAR/LogitechG29/ros2_ws/install/setup.sh'
[5.759s] INFO:colcon.colcon_core.shell:Creating prefix script '/home/canlab-jetson-1/Desktop/CAR/LogitechG29/ros2_ws/install/local_setup.bash'
[5.763s] INFO:colcon.colcon_core.shell:Creating prefix chain script '/home/canlab-jetson-1/Desktop/CAR/LogitechG29/ros2_ws/install/setup.bash'
[5.795s] INFO:colcon.colcon_core.shell:Creating prefix script '/home/canlab-jetson-1/Desktop/CAR/LogitechG29/ros2_ws/install/local_setup.zsh'
[5.797s] INFO:colcon.colcon_core.shell:Creating prefix chain script '/home/canlab-jetson-1/Desktop/CAR/LogitechG29/ros2_ws/install/setup.zsh'
