[2.568s] DEBUG:colcon:Command line arguments: ['/home/canlab-jetson-1/.local/bin/colcon', 'build', '--symlink-install']
[2.568s] DEBUG:colcon:Parsed command line arguments: Namespace(ament_cmake_args=None, base_paths=['.'], build_base='build', catkin_cmake_args=None, catkin_skip_building_tests=False, cmake_args=None, cmake_clean_cache=False, cmake_clean_first=False, cmake_force_configure=False, cmake_target=None, cmake_target_skip_unavailable=False, continue_on_error=False, event_handlers=None, executor='parallel', ignore_user_meta=False, install_base='install', log_base=None, log_level=None, main=<bound method BuildVerb.main of <colcon_core.verb.build.BuildVerb object at 0x7fa309ea90>>, merge_install=False, metas=['./colcon.meta'], packages_above=None, packages_above_and_dependencies=None, packages_above_depth=None, packages_end=None, packages_ignore=None, packages_ignore_regex=None, packages_select=None, packages_select_build_failed=False, packages_select_by_dep=None, packages_select_regex=None, packages_select_test_failures=False, packages_skip=None, packages_skip_build_finished=False, packages_skip_by_dep=None, packages_skip_regex=None, packages_skip_test_passed=False, packages_skip_up_to=None, packages_start=None, packages_up_to=None, packages_up_to_regex=None, parallel_workers=4, paths=None, symlink_install=True, test_result_base=None, verb_extension=<colcon_core.verb.build.BuildVerb object at 0x7fa309ea90>, verb_name='build', verb_parser=<colcon_defaults.argument_parser.defaults.DefaultArgumentsDecorator object at 0x7fa2bc9cc0>)
[2.761s] Level 1:colcon.colcon_core.package_discovery:discover_packages(colcon_meta) check parameters
[2.762s] Level 1:colcon.colcon_core.package_discovery:discover_packages(recursive) check parameters
[2.762s] Level 1:colcon.colcon_core.package_discovery:discover_packages(ignore) check parameters
[2.762s] Level 1:colcon.colcon_core.package_discovery:discover_packages(path) check parameters
[2.762s] Level 1:colcon.colcon_core.package_discovery:discover_packages(colcon_meta) discover
[2.763s] Level 1:colcon.colcon_core.package_discovery:discover_packages(recursive) discover
[2.763s] INFO:colcon.colcon_core.package_discovery:Crawling recursively for packages in '/home/canlab-jetson-1/Desktop/CAR/LogitechG29/ros2_ws/src'
[2.764s] Level 1:colcon.colcon_core.package_identification:_identify(.) by extensions ['ignore', 'ignore_ament_install']
[2.764s] Level 1:colcon.colcon_core.package_identification:_identify(.) by extension 'ignore'
[2.764s] Level 1:colcon.colcon_core.package_identification:_identify(.) by extension 'ignore_ament_install'
[2.765s] Level 1:colcon.colcon_core.package_identification:_identify(.) by extensions ['colcon_pkg']
[2.765s] Level 1:colcon.colcon_core.package_identification:_identify(.) by extension 'colcon_pkg'
[2.765s] Level 1:colcon.colcon_core.package_identification:_identify(.) by extensions ['colcon_meta']
[2.765s] Level 1:colcon.colcon_core.package_identification:_identify(.) by extension 'colcon_meta'
[2.765s] Level 1:colcon.colcon_core.package_identification:_identify(.) by extensions ['ros']
[2.765s] Level 1:colcon.colcon_core.package_identification:_identify(.) by extension 'ros'
[2.895s] Level 1:colcon.colcon_core.package_identification:_identify(.) by extensions ['cmake', 'python']
[2.895s] Level 1:colcon.colcon_core.package_identification:_identify(.) by extension 'cmake'
[2.896s] Level 1:colcon.colcon_core.package_identification:_identify(.) by extension 'python'
[2.896s] Level 1:colcon.colcon_core.package_identification:_identify(.) by extensions ['python_setup_py']
[2.896s] Level 1:colcon.colcon_core.package_identification:_identify(.) by extension 'python_setup_py'
[2.896s] Level 1:colcon.colcon_core.package_identification:_identify(build) by extensions ['ignore', 'ignore_ament_install']
[2.897s] Level 1:colcon.colcon_core.package_identification:_identify(build) by extension 'ignore'
[2.897s] Level 1:colcon.colcon_core.package_identification:_identify(build) ignored
[2.898s] Level 1:colcon.colcon_core.package_identification:_identify(install) by extensions ['ignore', 'ignore_ament_install']
[2.899s] Level 1:colcon.colcon_core.package_identification:_identify(install) by extension 'ignore'
[2.899s] Level 1:colcon.colcon_core.package_identification:_identify(install) ignored
[2.899s] Level 1:colcon.colcon_core.package_identification:_identify(log) by extensions ['ignore', 'ignore_ament_install']
[2.899s] Level 1:colcon.colcon_core.package_identification:_identify(log) by extension 'ignore'
[2.899s] Level 1:colcon.colcon_core.package_identification:_identify(log) ignored
[2.902s] Level 1:colcon.colcon_core.package_identification:_identify(ros-g29-force-feedback) by extensions ['ignore', 'ignore_ament_install']
[2.903s] Level 1:colcon.colcon_core.package_identification:_identify(ros-g29-force-feedback) by extension 'ignore'
[2.903s] Level 1:colcon.colcon_core.package_identification:_identify(ros-g29-force-feedback) by extension 'ignore_ament_install'
[2.903s] Level 1:colcon.colcon_core.package_identification:_identify(ros-g29-force-feedback) by extensions ['colcon_pkg']
[2.903s] Level 1:colcon.colcon_core.package_identification:_identify(ros-g29-force-feedback) by extension 'colcon_pkg'
[2.903s] Level 1:colcon.colcon_core.package_identification:_identify(ros-g29-force-feedback) by extensions ['colcon_meta']
[2.904s] Level 1:colcon.colcon_core.package_identification:_identify(ros-g29-force-feedback) by extension 'colcon_meta'
[2.904s] Level 1:colcon.colcon_core.package_identification:_identify(ros-g29-force-feedback) by extensions ['ros']
[2.904s] Level 1:colcon.colcon_core.package_identification:_identify(ros-g29-force-feedback) by extension 'ros'
[2.915s] DEBUG:colcon.colcon_core.package_identification:Package 'ros-g29-force-feedback' with type 'ros.ament_cmake' and name 'ros_g29_force_feedback'
[2.915s] Level 1:colcon.colcon_core.package_discovery:discover_packages(recursive) using defaults
[2.916s] Level 1:colcon.colcon_core.package_discovery:discover_packages(ignore) discover
[2.916s] Level 1:colcon.colcon_core.package_discovery:discover_packages(ignore) using defaults
[2.916s] Level 1:colcon.colcon_core.package_discovery:discover_packages(path) discover
[2.917s] Level 1:colcon.colcon_core.package_discovery:discover_packages(path) using defaults
[3.141s] Level 5:colcon.colcon_core.verb:set package 'ros_g29_force_feedback' build argument 'cmake_args' from command line to 'None'
[3.141s] Level 5:colcon.colcon_core.verb:set package 'ros_g29_force_feedback' build argument 'cmake_target' from command line to 'None'
[3.141s] Level 5:colcon.colcon_core.verb:set package 'ros_g29_force_feedback' build argument 'cmake_target_skip_unavailable' from command line to 'False'
[3.141s] Level 5:colcon.colcon_core.verb:set package 'ros_g29_force_feedback' build argument 'cmake_clean_cache' from command line to 'False'
[3.141s] Level 5:colcon.colcon_core.verb:set package 'ros_g29_force_feedback' build argument 'cmake_clean_first' from command line to 'False'
[3.141s] Level 5:colcon.colcon_core.verb:set package 'ros_g29_force_feedback' build argument 'cmake_force_configure' from command line to 'False'
[3.141s] Level 5:colcon.colcon_core.verb:set package 'ros_g29_force_feedback' build argument 'ament_cmake_args' from command line to 'None'
[3.142s] Level 5:colcon.colcon_core.verb:set package 'ros_g29_force_feedback' build argument 'catkin_cmake_args' from command line to 'None'
[3.142s] Level 5:colcon.colcon_core.verb:set package 'ros_g29_force_feedback' build argument 'catkin_skip_building_tests' from command line to 'False'
[3.142s] DEBUG:colcon.colcon_core.verb:Building package 'ros_g29_force_feedback' with the following arguments: {'ament_cmake_args': None, 'build_base': '/home/canlab-jetson-1/Desktop/CAR/LogitechG29/ros2_ws/src/build/ros_g29_force_feedback', 'catkin_cmake_args': None, 'catkin_skip_building_tests': False, 'cmake_args': None, 'cmake_clean_cache': False, 'cmake_clean_first': False, 'cmake_force_configure': False, 'cmake_target': None, 'cmake_target_skip_unavailable': False, 'install_base': '/home/canlab-jetson-1/Desktop/CAR/LogitechG29/ros2_ws/src/install/ros_g29_force_feedback', 'merge_install': False, 'path': '/home/canlab-jetson-1/Desktop/CAR/LogitechG29/ros2_ws/src/ros-g29-force-feedback', 'symlink_install': True, 'test_result_base': None}
[3.153s] INFO:colcon.colcon_core.executor:Executing jobs using 'parallel' executor
[3.235s] DEBUG:colcon.colcon_parallel_executor.executor.parallel:run_until_complete
[3.237s] INFO:colcon.colcon_ros.task.ament_cmake.build:Building ROS package in '/home/canlab-jetson-1/Desktop/CAR/LogitechG29/ros2_ws/src/ros-g29-force-feedback' with build type 'ament_cmake'
[3.237s] INFO:colcon.colcon_cmake.task.cmake.build:Building CMake package in '/home/canlab-jetson-1/Desktop/CAR/LogitechG29/ros2_ws/src/ros-g29-force-feedback'
[3.299s] INFO:colcon.colcon_core.plugin_system:Skipping extension 'colcon_core.shell.bat': Not used on non-Windows systems
[3.300s] INFO:colcon.colcon_core.shell:Skip shell extension 'powershell' for command environment: Not usable outside of PowerShell
[3.300s] DEBUG:colcon.colcon_core.shell:Skip shell extension 'dsv' for command environment
[3.387s] DEBUG:colcon.colcon_core.event_handler.log_command:Invoking command in '/home/canlab-jetson-1/Desktop/CAR/LogitechG29/ros2_ws/src/build/ros_g29_force_feedback': /usr/bin/cmake /home/canlab-jetson-1/Desktop/CAR/LogitechG29/ros2_ws/src/ros-g29-force-feedback -DAMENT_CMAKE_SYMLINK_INSTALL=1 -DCMAKE_INSTALL_PREFIX=/home/canlab-jetson-1/Desktop/CAR/LogitechG29/ros2_ws/src/install/ros_g29_force_feedback
[7.609s] DEBUG:colcon.colcon_core.event_handler.log_command:Invoked command in '/home/canlab-jetson-1/Desktop/CAR/LogitechG29/ros2_ws/src/build/ros_g29_force_feedback' returned '1': /usr/bin/cmake /home/canlab-jetson-1/Desktop/CAR/LogitechG29/ros2_ws/src/ros-g29-force-feedback -DAMENT_CMAKE_SYMLINK_INSTALL=1 -DCMAKE_INSTALL_PREFIX=/home/canlab-jetson-1/Desktop/CAR/LogitechG29/ros2_ws/src/install/ros_g29_force_feedback
[7.649s] Level 1:colcon.colcon_core.environment:create_environment_scripts_only(ros_g29_force_feedback)
[7.718s] Level 1:colcon.colcon_core.environment:checking '/home/canlab-jetson-1/Desktop/CAR/LogitechG29/ros2_ws/src/install/ros_g29_force_feedback' for CMake module files
[7.720s] Level 1:colcon.colcon_core.environment:checking '/home/canlab-jetson-1/Desktop/CAR/LogitechG29/ros2_ws/src/install/ros_g29_force_feedback' for CMake config files
[7.723s] Level 1:colcon.colcon_core.environment:checking '/home/canlab-jetson-1/Desktop/CAR/LogitechG29/ros2_ws/src/install/ros_g29_force_feedback/bin'
[7.723s] Level 1:colcon.colcon_core.environment:checking '/home/canlab-jetson-1/Desktop/CAR/LogitechG29/ros2_ws/src/install/ros_g29_force_feedback/lib/pkgconfig/ros_g29_force_feedback.pc'
[7.724s] Level 1:colcon.colcon_core.environment:checking '/home/canlab-jetson-1/Desktop/CAR/LogitechG29/ros2_ws/src/install/ros_g29_force_feedback/lib/python3.6/site-packages'
[7.725s] Level 1:colcon.colcon_core.environment:checking '/home/canlab-jetson-1/Desktop/CAR/LogitechG29/ros2_ws/src/install/ros_g29_force_feedback/bin'
[7.762s] INFO:colcon.colcon_core.shell:Creating package script '/home/canlab-jetson-1/Desktop/CAR/LogitechG29/ros2_ws/src/install/ros_g29_force_feedback/share/ros_g29_force_feedback/package.ps1'
[7.769s] INFO:colcon.colcon_core.shell:Creating package descriptor '/home/canlab-jetson-1/Desktop/CAR/LogitechG29/ros2_ws/src/install/ros_g29_force_feedback/share/ros_g29_force_feedback/package.dsv'
[7.771s] INFO:colcon.colcon_core.shell:Creating package script '/home/canlab-jetson-1/Desktop/CAR/LogitechG29/ros2_ws/src/install/ros_g29_force_feedback/share/ros_g29_force_feedback/package.sh'
[7.774s] INFO:colcon.colcon_core.shell:Creating package script '/home/canlab-jetson-1/Desktop/CAR/LogitechG29/ros2_ws/src/install/ros_g29_force_feedback/share/ros_g29_force_feedback/package.bash'
[7.777s] INFO:colcon.colcon_core.shell:Creating package script '/home/canlab-jetson-1/Desktop/CAR/LogitechG29/ros2_ws/src/install/ros_g29_force_feedback/share/ros_g29_force_feedback/package.zsh'
[7.781s] Level 1:colcon.colcon_core.environment:create_file_with_runtime_dependencies(/home/canlab-jetson-1/Desktop/CAR/LogitechG29/ros2_ws/src/install/ros_g29_force_feedback/share/colcon-core/packages/ros_g29_force_feedback)
[7.794s] DEBUG:colcon.colcon_parallel_executor.executor.parallel:closing loop
[7.798s] DEBUG:colcon.colcon_parallel_executor.executor.parallel:loop closed
[7.798s] DEBUG:colcon.colcon_parallel_executor.executor.parallel:run_until_complete finished with '1'
[7.799s] DEBUG:colcon.colcon_core.event_reactor:joining thread
[7.908s] INFO:colcon.colcon_core.plugin_system:Skipping extension 'colcon_notification.desktop_notification.terminal_notifier': Not used on non-Darwin systems
[7.908s] INFO:colcon.colcon_core.plugin_system:Skipping extension 'colcon_notification.desktop_notification.win32': Not used on non-Windows systems
[7.908s] INFO:colcon.colcon_notification.desktop_notification:Sending desktop notification using 'notify2'
[8.222s] DEBUG:colcon.colcon_core.event_reactor:joined thread
[8.264s] INFO:colcon.colcon_core.shell:Creating prefix script '/home/canlab-jetson-1/Desktop/CAR/LogitechG29/ros2_ws/src/install/local_setup.ps1'
[8.271s] INFO:colcon.colcon_core.shell:Creating prefix util module '/home/canlab-jetson-1/Desktop/CAR/LogitechG29/ros2_ws/src/install/_local_setup_util_ps1.py'
[8.278s] INFO:colcon.colcon_core.shell:Creating prefix chain script '/home/canlab-jetson-1/Desktop/CAR/LogitechG29/ros2_ws/src/install/setup.ps1'
[8.310s] INFO:colcon.colcon_core.shell:Creating prefix script '/home/canlab-jetson-1/Desktop/CAR/LogitechG29/ros2_ws/src/install/local_setup.sh'
[8.313s] INFO:colcon.colcon_core.shell:Creating prefix util module '/home/canlab-jetson-1/Desktop/CAR/LogitechG29/ros2_ws/src/install/_local_setup_util_sh.py'
[8.315s] INFO:colcon.colcon_core.shell:Creating prefix chain script '/home/canlab-jetson-1/Desktop/CAR/LogitechG29/ros2_ws/src/install/setup.sh'
[8.346s] INFO:colcon.colcon_core.shell:Creating prefix script '/home/canlab-jetson-1/Desktop/CAR/LogitechG29/ros2_ws/src/install/local_setup.bash'
[8.349s] INFO:colcon.colcon_core.shell:Creating prefix chain script '/home/canlab-jetson-1/Desktop/CAR/LogitechG29/ros2_ws/src/install/setup.bash'
[8.392s] INFO:colcon.colcon_core.shell:Creating prefix script '/home/canlab-jetson-1/Desktop/CAR/LogitechG29/ros2_ws/src/install/local_setup.zsh'
[8.395s] INFO:colcon.colcon_core.shell:Creating prefix chain script '/home/canlab-jetson-1/Desktop/CAR/LogitechG29/ros2_ws/src/install/setup.zsh'
