-- The C compiler identification is GNU 7.5.0
-- The CXX compiler identification is GNU 7.5.0
-- Check for working C compiler: /usr/bin/cc
-- Check for working C compiler: /usr/bin/cc -- works
-- Detecting C compiler ABI info
-- Detecting C compiler ABI info - done
-- Detecting C compile features
-- Detecting C compile features - done
-- Check for working CXX compiler: /usr/bin/c++
-- Check for working CXX compiler: /usr/bin/c++ -- works
-- Detecting CXX compiler ABI info
-- Detecting CXX compiler ABI info - done
-- Detecting CXX compile features
-- Detecting CXX compile features - done
-- Found ament_cmake: 0.9.11 (/opt/ros/foxy/share/ament_cmake/cmake)
-- Found PythonInterp: /usr/bin/python3 (found suitable version "3.6.9", minimum required is "3") 
-- Using PYTHON_EXECUTABLE: /usr/bin/python3
-- Override CMake install command with custom implementation using symlinks instead of copying resources
CMake Error at CMakeLists.txt:19 (find_package):
  By not providing "Findrclcpp.cmake" in CMAKE_MODULE_PATH this project has
  asked CMake to find a package configuration file provided by "rclcpp", but
  CMake did not find one.

  Could not find a package configuration file provided by "rclcpp" with any
  of the following names:

    rclcppConfig.cmake
    rclcpp-config.cmake

  Add the installation prefix of "rclcpp" to CMAKE_PREFIX_PATH or set
  "rclcpp_DIR" to a directory containing one of the above files.  If "rclcpp"
  provides a separate development package or SDK, be sure it has been
  installed.


-- Configuring incomplete, errors occurred!
See also "/home/canlab-jetson-1/Desktop/CAR/LogitechG29/ros2_ws/src/build/ros_g29_force_feedback/CMakeFiles/CMakeOutput.log".
